2025-07-27 16:22:58,335 - INFO - Processing folder: Final_Download
2025-07-27 16:25:10,975 - INFO - Found 35 Excel files across all folders
2025-07-27 16:27:35,603 - INFO - Found 6 unique header patterns across 254 unique columns
2025-07-27 16:27:35,604 - INFO - Pattern 1 (11 files): 54 columns
2025-07-27 16:27:35,604 - INFO - Pattern 2 (7 files): 58 columns
2025-07-27 16:27:35,604 - INFO - Pattern 3 (7 files): 53 columns
2025-07-27 16:27:35,648 - INFO - Built mapping for 254 columns
2025-07-27 16:27:35,649 - INFO - Starting file processing...
2025-07-27 16:27:35,650 - INFO - Processing file 1/35: Base Paper.xlsx
2025-07-27 16:27:36,954 - INFO - [+] Processed: Base Paper.xlsx | Rows: 1955 | Columns: 73
2025-07-27 16:27:36,955 - INFO - Processing file 2/35: Films.xlsx
2025-07-27 16:27:46,148 - INFO - [+] Processed: Films.xlsx | Rows: 12848 | Columns: 73
2025-07-27 16:27:46,153 - INFO - Processing file 3/35: home.xlsx
2025-07-27 16:27:54,064 - INFO - [+] Processed: home.xlsx | Rows: 60002 | Columns: 73
2025-07-27 16:27:54,065 - INFO - Processing file 4/35: PTA.xlsx
2025-07-27 16:27:54,551 - INFO - [+] Processed: PTA.xlsx | Rows: 684 | Columns: 73
2025-07-27 16:27:54,551 - INFO - Processing file 5/35: US- ceramics, tiles, stones.xlsx
2025-07-27 16:28:01,746 - INFO - [+] Processed: US- ceramics, tiles, stones.xlsx | Rows: 60002 | Columns: 73
2025-07-27 16:28:01,746 - INFO - Processing file 6/35: 1234.xlsx
2025-07-27 16:28:03,778 - INFO - [+] Processed: 1234.xlsx | Rows: 470 | Columns: 73
2025-07-27 16:28:03,778 - INFO - Processing file 7/35: Direct_download_auto,automotive,two_wheeler,brake,tyres,car,motorcycles,motorbike,electric_vehicles_electric_vehicles,clutch,automobile,engine_oil,electric_car.xlsx
2025-07-27 16:28:07,877 - INFO - [+] Processed: Direct_download_auto,automotive,two_wheeler,brake,tyres,car,motorcycles,motorbike,electric_vehicles_electric_vehicles,clutch,automobile,engine_oil,electric_car.xlsx | Rows: 9105 | Columns: 73
2025-07-27 16:28:07,877 - INFO - Processing file 8/35: Solar.xlsx
2025-07-27 16:28:27,016 - INFO - [+] Processed: Solar.xlsx | Rows: 56856 | Columns: 73
2025-07-27 16:28:27,016 - INFO - Processing file 9/35: Direct_download_HSCode_01_05_2024_30_04_2025_Current_12_05_2025_11_36_am.xlsx
2025-07-27 16:28:36,771 - INFO - [+] Processed: Direct_download_HSCode_01_05_2024_30_04_2025_Current_12_05_2025_11_36_am.xlsx | Rows: 22165 | Columns: 73
2025-07-27 16:28:36,771 - INFO - Processing file 10/35: Direct_download_HSCode_01_11_2024_30_04_2025_Current_12_05_2025_11_38_am.xlsx
2025-07-27 16:28:46,441 - INFO - [+] Processed: Direct_download_HSCode_01_11_2024_30_04_2025_Current_12_05_2025_11_38_am.xlsx | Rows: 21945 | Columns: 73
2025-07-27 16:28:46,442 - INFO - Processing file 11/35: Hemant Ji Auto Arfrica Belt.xlsx
2025-07-27 16:29:05,183 - INFO - [+] Processed: Hemant Ji Auto Arfrica Belt.xlsx | Rows: 42927 | Columns: 73
2025-07-27 16:29:05,183 - INFO - Processing file 12/35: Hemant Ji Auto South Africa.xlsx
2025-07-27 16:29:38,521 - INFO - [+] Processed: Hemant Ji Auto South Africa.xlsx | Rows: 78181 | Columns: 73
2025-07-27 16:29:38,522 - INFO - Processing file 13/35: Henmant Ji Auto Japan.xlsx
2025-07-27 16:29:45,819 - INFO - [+] Processed: Henmant Ji Auto Japan.xlsx | Rows: 21385 | Columns: 73
2025-07-27 16:29:45,820 - INFO - Processing file 14/35: Ceramic_Latan.xlsx
2025-07-27 16:29:47,598 - INFO - [+] Processed: Ceramic_Latan.xlsx | Rows: 2356 | Columns: 73
2025-07-27 16:29:47,599 - INFO - Processing file 15/35: Company-High Grade _Ceramic.xlsx
2025-07-27 16:29:49,572 - INFO - [+] Processed: Company-High Grade _Ceramic.xlsx | Rows: 358 | Columns: 73
2025-07-27 16:29:49,572 - INFO - Processing file 16/35: MoniaJi _ Auto_China.xlsx
2025-07-27 16:30:15,134 - INFO - [+] Processed: MoniaJi _ Auto_China.xlsx | Rows: 53397 | Columns: 73
2025-07-27 16:30:15,134 - INFO - Processing file 17/35: MoniaJi _Auto_Thailand.xlsx
2025-07-27 16:30:53,058 - INFO - [+] Processed: MoniaJi _Auto_Thailand.xlsx | Rows: 78081 | Columns: 73
2025-07-27 16:30:53,059 - INFO - Processing file 18/35: MoniaJi_ Captial_Machinery_Vietnam.xlsx
2025-07-27 16:31:06,777 - INFO - [+] Processed: MoniaJi_ Captial_Machinery_Vietnam.xlsx | Rows: 28933 | Columns: 73
2025-07-27 16:31:06,778 - INFO - Processing file 19/35: MoniaJi_ Electronics_Capital Good__China.xlsx
2025-07-27 16:31:55,756 - INFO - [+] Processed: MoniaJi_ Electronics_Capital Good__China.xlsx | Rows: 101984 | Columns: 73
2025-07-27 16:31:55,757 - INFO - Processing file 20/35: MoniaJI_Auto_Italy_Germany_Spain.xlsx
2025-07-27 16:31:59,774 - INFO - [+] Processed: MoniaJI_Auto_Italy_Germany_Spain.xlsx | Rows: 7712 | Columns: 73
2025-07-27 16:31:59,775 - INFO - Processing file 21/35: MoniaJi_captialGoodS_ Machinery_Italy_Spain_Germany.xlsx
2025-07-27 16:32:39,081 - INFO - [+] Processed: MoniaJi_captialGoodS_ Machinery_Italy_Spain_Germany.xlsx | Rows: 112521 | Columns: 73
2025-07-27 16:32:39,081 - INFO - Processing file 22/35: Nitin Sir Latam.xlsx
2025-07-27 16:32:59,116 - INFO - [+] Processed: Nitin Sir Latam.xlsx | Rows: 32298 | Columns: 73
2025-07-27 16:32:59,117 - INFO - Processing file 23/35: Sandeep Ji Extra.xlsx
2025-07-27 16:33:14,306 - INFO - [+] Processed: Sandeep Ji Extra.xlsx | Rows: 23114 | Columns: 73
2025-07-27 16:33:14,307 - INFO - Processing file 24/35: Sandeep Ji _Steel_1.xlsx
2025-07-27 16:33:31,750 - INFO - [+] Processed: Sandeep Ji _Steel_1.xlsx | Rows: 31048 | Columns: 73
2025-07-27 16:33:31,751 - INFO - Processing file 25/35: Sandeep Ji _Yarn_2.xlsx
2025-07-27 16:33:53,863 - INFO - [+] Processed: Sandeep Ji _Yarn_2.xlsx | Rows: 34769 | Columns: 73
2025-07-27 16:33:53,863 - INFO - Processing file 26/35: Sandeep_Ji_Machinery_Export.xlsx
2025-07-27 16:34:44,273 - INFO - [+] Processed: Sandeep_Ji_Machinery_Export.xlsx | Rows: 79849 | Columns: 73
2025-07-27 16:34:44,274 - INFO - Processing file 27/35: Sandeep Ji _ Boiler_Spain.xlsx
2025-07-27 16:34:58,566 - INFO - [+] Processed: Sandeep Ji _ Boiler_Spain.xlsx | Rows: 21362 | Columns: 73
2025-07-27 16:34:58,567 - INFO - Processing file 28/35: Sheeba Ji, Lattam Exports.xlsx
2025-07-27 16:35:46,494 - INFO - [+] Processed: Sheeba Ji, Lattam Exports.xlsx | Rows: 77248 | Columns: 73
2025-07-27 16:35:46,495 - INFO - Processing file 29/35: auto in kenya (india-exp).xlsx
2025-07-27 16:35:49,551 - INFO - [+] Processed: auto in kenya (india-exp).xlsx | Rows: 2082 | Columns: 73
2025-07-27 16:35:49,551 - INFO - Processing file 30/35: Base Paper.xlsx
2025-07-27 16:35:50,877 - INFO - [+] Processed: Base Paper.xlsx | Rows: 1955 | Columns: 73
2025-07-27 16:35:50,877 - INFO - Processing file 31/35: Direct_download_paper,auto,plastic_31_08_2024_30_11_2024_Current_17_12_2024_3_18_pm.xlsx
2025-07-27 16:35:53,371 - INFO - [+] Processed: Direct_download_paper,auto,plastic_31_08_2024_30_11_2024_Current_17_12_2024_3_18_pm.xlsx | Rows: 154 | Columns: 73
2025-07-27 16:35:53,371 - INFO - Processing file 32/35: india exp to mexico.xlsx
2025-07-27 16:36:08,341 - INFO - [+] Processed: india exp to mexico.xlsx | Rows: 26821 | Columns: 73
2025-07-27 16:36:08,341 - INFO - Processing file 33/35: PTA.xlsx
2025-07-27 16:36:08,817 - INFO - [+] Processed: PTA.xlsx | Rows: 684 | Columns: 73
2025-07-27 16:36:08,817 - INFO - Processing file 34/35: US- ceramics, tiles, stones.xlsx
2025-07-27 16:36:18,305 - INFO - [+] Processed: US- ceramics, tiles, stones.xlsx | Rows: 60002 | Columns: 73
2025-07-27 16:36:18,306 - INFO - Processing file 35/35: yarn- turkey.xlsx
2025-07-27 16:36:22,040 - INFO - [+] Processed: yarn- turkey.xlsx | Rows: 5327 | Columns: 73
2025-07-27 16:36:22,041 - INFO - Combining all dataframes...
2025-07-27 16:36:37,415 - INFO - Combined dataset shape: (1170580, 72)
2025-07-27 16:36:37,416 - INFO - === DATA QUALITY REPORT ===
2025-07-27 16:36:37,416 - INFO - Total rows: 1,170,580
2025-07-27 16:36:37,416 - INFO - Total columns: 72
2025-07-27 16:36:41,540 - INFO - Completely empty rows: 0
2025-07-27 16:36:41,618 - INFO - Column 'date': 84.6% complete (990,574 values)
2025-07-27 16:36:41,679 - INFO - Column 'hs_code': 84.6% complete (990,574 values)
2025-07-27 16:36:41,750 - INFO - Column 'product_description': 84.6% complete (990,574 values)
2025-07-27 16:36:41,809 - INFO - Column 'hs_description': 84.6% complete (990,571 values)
2025-07-27 16:36:41,878 - INFO - Column 'hs2': 84.6% complete (990,574 values)
2025-07-27 16:36:41,941 - INFO - Column 'hs4': 84.6% complete (990,574 values)
2025-07-27 16:36:42,039 - INFO - Column 'month': 84.6% complete (990,574 values)
2025-07-27 16:36:42,114 - INFO - Column 'shipper_name': 84.6% complete (990,574 values)
2025-07-27 16:36:42,169 - INFO - Column 'consignee_name': 84.6% complete (990,574 values)
2025-07-27 16:36:42,236 - INFO - Column 'notify_party': 80.4% complete (941,031 values)
2025-07-27 16:36:42,236 - INFO - === END QUALITY REPORT ===
2025-07-27 16:36:42,237 - INFO - Starting upload to MySQL...
2025-07-27 16:36:47,953 - INFO - [+] Created table `volza_main` with 72 columns
2025-07-27 16:36:47,954 - INFO - Uploading 1,170,580 rows in 47 batches of 25,000 each
2025-07-27 16:37:31,967 - INFO - [+] Batch 1/47: Uploaded rows 0-25,000
2025-07-27 16:38:11,446 - INFO - [+] Batch 2/47: Uploaded rows 25,000-50,000
2025-07-27 16:38:48,105 - INFO - [+] Batch 3/47: Uploaded rows 50,000-75,000
2025-07-27 16:39:33,845 - INFO - [+] Batch 4/47: Uploaded rows 75,000-100,000
2025-07-27 16:40:11,487 - INFO - [+] Batch 5/47: Uploaded rows 100,000-125,000
2025-07-27 16:40:48,075 - INFO - [+] Batch 6/47: Uploaded rows 125,000-150,000
2025-07-27 16:41:22,222 - INFO - [+] Batch 7/47: Uploaded rows 150,000-175,000
2025-07-27 16:42:00,251 - INFO - [+] Batch 8/47: Uploaded rows 175,000-200,000
2025-07-27 16:42:36,251 - INFO - [+] Batch 9/47: Uploaded rows 200,000-225,000
2025-07-27 16:43:09,298 - INFO - [+] Batch 10/47: Uploaded rows 225,000-250,000
2025-07-27 16:43:41,467 - INFO - [+] Batch 11/47: Uploaded rows 250,000-275,000
2025-07-27 16:44:20,620 - INFO - [+] Batch 12/47: Uploaded rows 275,000-300,000
2025-07-27 16:45:17,450 - INFO - [+] Batch 13/47: Uploaded rows 300,000-325,000
2025-07-27 16:46:07,455 - INFO - [+] Batch 14/47: Uploaded rows 325,000-350,000
2025-07-27 16:46:44,504 - INFO - [+] Batch 15/47: Uploaded rows 350,000-375,000
2025-07-27 16:47:24,059 - INFO - [+] Batch 16/47: Uploaded rows 375,000-400,000
2025-07-27 16:47:57,559 - INFO - [+] Batch 17/47: Uploaded rows 400,000-425,000
2025-07-27 16:48:38,061 - INFO - [+] Batch 18/47: Uploaded rows 425,000-450,000
2025-07-27 16:49:48,006 - INFO - [+] Batch 19/47: Uploaded rows 450,000-475,000
2025-07-27 16:50:27,020 - INFO - [+] Batch 20/47: Uploaded rows 475,000-500,000
2025-07-27 16:51:01,798 - INFO - [+] Batch 21/47: Uploaded rows 500,000-525,000
2025-07-27 16:51:33,394 - INFO - [+] Batch 22/47: Uploaded rows 525,000-550,000
2025-07-27 16:52:05,305 - INFO - [+] Batch 23/47: Uploaded rows 550,000-575,000
2025-07-27 16:52:36,127 - INFO - [+] Batch 24/47: Uploaded rows 575,000-600,000
2025-07-27 16:53:07,546 - INFO - [+] Batch 25/47: Uploaded rows 600,000-625,000
2025-07-27 16:53:38,393 - INFO - [+] Batch 26/47: Uploaded rows 625,000-650,000
2025-07-27 16:54:14,227 - INFO - [+] Batch 27/47: Uploaded rows 650,000-675,000
2025-07-27 16:54:53,371 - INFO - [+] Batch 28/47: Uploaded rows 675,000-700,000
2025-07-27 16:55:25,675 - INFO - [+] Batch 29/47: Uploaded rows 700,000-725,000
2025-07-27 16:56:03,595 - INFO - [+] Batch 30/47: Uploaded rows 725,000-750,000
2025-07-27 16:56:56,584 - INFO - [+] Batch 31/47: Uploaded rows 750,000-775,000
2025-07-27 16:58:07,945 - INFO - [+] Batch 32/47: Uploaded rows 775,000-800,000
2025-07-27 16:59:03,469 - INFO - [+] Batch 33/47: Uploaded rows 800,000-825,000
2025-07-27 17:00:07,277 - INFO - [+] Batch 34/47: Uploaded rows 825,000-850,000
2025-07-27 17:01:04,012 - INFO - [+] Batch 35/47: Uploaded rows 850,000-875,000
2025-07-27 17:01:58,118 - INFO - [+] Batch 36/47: Uploaded rows 875,000-900,000
2025-07-27 17:02:49,174 - INFO - [+] Batch 37/47: Uploaded rows 900,000-925,000
2025-07-27 17:03:40,784 - INFO - [+] Batch 38/47: Uploaded rows 925,000-950,000
2025-07-27 17:04:37,430 - INFO - [+] Batch 39/47: Uploaded rows 950,000-975,000
2025-07-27 17:05:31,027 - INFO - [+] Batch 40/47: Uploaded rows 975,000-1,000,000
2025-07-27 17:06:28,426 - INFO - [+] Batch 41/47: Uploaded rows 1,000,000-1,025,000
2025-07-27 17:07:16,755 - INFO - [+] Batch 42/47: Uploaded rows 1,025,000-1,050,000
2025-07-27 17:08:08,247 - INFO - [+] Batch 43/47: Uploaded rows 1,050,000-1,075,000
2025-07-27 17:08:59,113 - INFO - [+] Batch 44/47: Uploaded rows 1,075,000-1,100,000
2025-07-27 17:09:40,865 - INFO - [+] Batch 45/47: Uploaded rows 1,100,000-1,125,000
2025-07-27 17:10:22,189 - INFO - [+] Batch 46/47: Uploaded rows 1,125,000-1,150,000
2025-07-27 17:10:56,495 - INFO - [+] Batch 47/47: Uploaded rows 1,150,000-1,170,580
2025-07-27 17:10:56,496 - INFO - [+] Upload complete: 1,170,580/1,170,580 rows successfully uploaded
2025-07-27 17:10:56,939 - INFO - === PROCESSING COMPLETE ===
2025-07-27 17:10:56,939 - INFO - Files processed: 35
2025-07-27 17:10:56,940 - INFO - Total rows: 1,170,580
2025-07-27 17:10:56,940 - INFO - Total columns: 72
2025-07-27 17:10:56,940 - INFO - Execution time: 2878.62 seconds
2025-07-27 17:10:56,940 - INFO - Table created: volza_main
2025-07-27 17:10:56,940 - INFO - Ready for dashboard development!
